<?xml version="1.0" encoding="UTF-8"?>
<!-- Generated by org.testng.reporters.JUnitXMLReporter -->
<testsuite ignored="0" hostname="LAPTOP-V7EREVV8" failures="0" tests="14" name="Test" time="176.081" errors="0" timestamp="2022-11-04T11:48:35 IST">
  <testcase classname="com.tcs.tests.PHPTravelsTestCases_Admin" name="verifyLoginPageLaunch" time="0.046"/>
  <testcase classname="com.tcs.tests.PHPTravelsTestCases_Admin" name="verifyLoginWithInvalidEmailAndInvalidPassword" time="0.67"/>
  <testcase classname="com.tcs.tests.PHPTravelsTestCases_Admin" name="verifyLoginBlankEmail" time="3.169"/>
  <testcase classname="com.tcs.tests.PHPTravelsTestCases_Admin" name="verifyBlankEmailandPassword" time="0.04"/>
  <testcase classname="com.tcs.tests.PHPTravelsTestCases_Admin" name="verifyLoginBlankPassword" time="0.191"/>
  <testcase classname="com.tcs.tests.PHPTravelsTestCases_Admin" name="verifyLoginWithValidEmailAndInValidPassword" time="0.235"/>
  <testcase classname="com.tcs.tests.PHPTravelsTestCases_Admin" name="verifyLoginWithInValidEmailAndValidPassword" time="0.227"/>
  <testcase classname="com.tcs.tests.PHPTravelsTestCases_Admin" name="verifyRememberMeCheckbox" time="3.073"/>
  <testcase classname="com.tcs.tests.PHPTravelsTestCases_Admin" name="verifyLoginWithValidEmailAndValidPassword" time="0.243"/>
  <testcase classname="com.tcs.tests.PHPTravelsTestCases_Admin" name="verifyBookings" time="19.115"/>
  <testcase classname="com.tcs.tests.PHPTravelsTestCases_Admin" name="verifyBookingStatusUpdate" time="19.959"/>
  <testcase classname="com.tcs.tests.PHPTravelsTestCases_Admin" name="verifyDeleteCancelledRecord" time="16.76"/>
  <testcase classname="com.tcs.tests.PHPTravelsTestCases_Admin" name="verifyWebsiteLink" time="23.356"/>
  <testcase classname="com.tcs.tests.PHPTravelsTestCases_Admin" name="verifyBookingsPaymentSuccessfullInvoice" time="19.65"/>
</testsuite> <!-- Test -->
