<?xml version="1.0" encoding="UTF-8"?>
<testng-results ignored="11" total="12" passed="1" failed="0" skipped="0">
  <reporter-output>
  </reporter-output>
  <suite started-at="2022-11-04T12:09:51 IST" name="Default suite" finished-at="2022-11-04T12:10:00 IST" duration-ms="8492">
    <groups>
    </groups>
    <test started-at="2022-11-04T12:09:51 IST" name="Default test" finished-at="2022-11-04T12:10:00 IST" duration-ms="8492">
      <class name="com.tcs.tests.PHPTravelsTestCases_Supplier">
        <test-method is-config="true" signature="setup()[pri:0, instance:com.tcs.tests.PHPTravelsTestCases_Supplier@5b8dfcc1]" started-at="2022-11-04T12:09:51 IST" name="setup" finished-at="2022-11-04T12:09:55 IST" duration-ms="4067" status="PASS">
          <reporter-output>
          </reporter-output>
        </test-method> <!-- setup -->
        <test-method signature="verifyBookingDisplay()[pri:12, instance:com.tcs.tests.PHPTravelsTestCases_Supplier@5b8dfcc1]" started-at="2022-11-04T12:09:55 IST" name="verifyBookingDisplay" finished-at="2022-11-04T12:10:00 IST" duration-ms="4240" status="PASS">
          <reporter-output>
          </reporter-output>
        </test-method> <!-- verifyBookingDisplay -->
        <test-method is-config="true" signature="testclosure()[pri:0, instance:com.tcs.tests.PHPTravelsTestCases_Supplier@5b8dfcc1]" started-at="2022-11-04T12:10:00 IST" name="testclosure" finished-at="2022-11-04T12:10:00 IST" duration-ms="146" status="PASS">
          <reporter-output>
          </reporter-output>
        </test-method> <!-- testclosure -->
      </class> <!-- com.tcs.tests.PHPTravelsTestCases_Supplier -->
    </test> <!-- Default test -->
  </suite> <!-- Default suite -->
</testng-results>
