<?xml version="1.0" encoding="UTF-8"?>
<!-- Generated by org.testng.reporters.JUnitXMLReporter -->
<testsuite ignored="11" hostname="LAPTOP-V7EREVV8" failures="0" tests="1" name="Default test" time="8.492" errors="0" timestamp="2022-11-04T12:10:00 IST">
  <testcase classname="com.tcs.tests.PHPTravelsTestCases_Supplier" name="verifyBookingDisplay" time="4.24"/>
  <testcase classname="com.tcs.tests.PHPTravelsTestCases_Supplier" name="verifyLoginPageLaunch" time="0.0">
    <ignored/>
  </testcase> <!-- verifyLoginPageLaunch -->
  <testcase classname="com.tcs.tests.PHPTravelsTestCases_Supplier" name="verifyLoginBlankPassword" time="0.0">
    <ignored/>
  </testcase> <!-- verifyLoginBlankPassword -->
  <testcase classname="com.tcs.tests.PHPTravelsTestCases_Supplier" name="verifyRevenueBreakdown" time="0.0">
    <ignored/>
  </testcase> <!-- verifyRevenueBreakdown -->
  <testcase classname="com.tcs.tests.PHPTravelsTestCases_Supplier" name="verifyLoginWithInvalidEmailAndInvalidPassword" time="0.0">
    <ignored/>
  </testcase> <!-- verifyLoginWithInvalidEmailAndInvalidPassword -->
  <testcase classname="com.tcs.tests.PHPTravelsTestCases_Supplier" name="verifyRememberMeCheckbox" time="0.0">
    <ignored/>
  </testcase> <!-- verifyRememberMeCheckbox -->
  <testcase classname="com.tcs.tests.PHPTravelsTestCases_Supplier" name="verifyLoginWithInValidEmailAndValidPassword" time="0.0">
    <ignored/>
  </testcase> <!-- verifyLoginWithInValidEmailAndValidPassword -->
  <testcase classname="com.tcs.tests.PHPTravelsTestCases_Supplier" name="verifyLoginBlankEmail" time="0.0">
    <ignored/>
  </testcase> <!-- verifyLoginBlankEmail -->
  <testcase classname="com.tcs.tests.PHPTravelsTestCases_Supplier" name="verifySalesOverviewandSummary" time="0.0">
    <ignored/>
  </testcase> <!-- verifySalesOverviewandSummary -->
  <testcase classname="com.tcs.tests.PHPTravelsTestCases_Supplier" name="verifyLoginWithValidEmailAndInValidPassword" time="0.0">
    <ignored/>
  </testcase> <!-- verifyLoginWithValidEmailAndInValidPassword -->
  <testcase classname="com.tcs.tests.PHPTravelsTestCases_Supplier" name="verifyLoginWithValidEmailAndValidPassword" time="0.0">
    <ignored/>
  </testcase> <!-- verifyLoginWithValidEmailAndValidPassword -->
  <testcase classname="com.tcs.tests.PHPTravelsTestCases_Supplier" name="verifyBlankEmailandPassword" time="0.0">
    <ignored/>
  </testcase> <!-- verifyBlankEmailandPassword -->
</testsuite> <!-- Default test -->
